1: <trace> Rows in Access:        34
2: <trace> Rows in Call:          122
3: <trace> Rows in File:          2
4: <trace> Rows in Function:      27
5: <trace> Rows in Instruction:   129
6: <trace> Rows in Loop:          0
7: <trace> Rows in LoopExecution: 0
8: <trace> Rows in LoopIteration: 0
9: <trace> Rows in Reference:     2
10: <trace> Rows in Segment:       175
11: <trace> Rows in Thread:        5
12: <debug> NewThreadEvent:
 > Thread id: 0
 > Start time:  1173163633
 > Runtime      978905061

13: <debug> CallEvent:
 > Call Site:  24
 > Start Time  1849268702
 > Runtime:    249431364
 > Fun. sig.:  main
 > Fun. type:  8
 > File name:  /nqueens.c
 > File path:  /shared/tests/nqueens.c

14: <debug> CallEvent:
 > Call Site:  831
 > Start Time  1850088790
 > Runtime:    37244
 > Fun. sig.:  cur_time
 > Fun. type:  8
 > File name:  /nqueens.c
 > File path:  /shared/tests/nqueens.c

15: <debug> ReturnEvent:
 > Call ID: 2
 > End time: 1850126034

16: <debug> CallEvent:
 > Call Site:  828
 > Start Time  1851663358
 > Runtime:    149451576
 > Fun. sig.:  nqueen
 > Fun. type:  8
 > File name:  /nqueens.c
 > File path:  /shared/tests/nqueens.c

17: <debug> CallEvent:
 > Call Site:  788
 > Start Time  1894608834
 > Runtime:    105609240
 > Fun. sig.:  nqw_pth_master
 > Fun. type:  8
 > File name:  /nqueens.c
 > File path:  /shared/tests/nqueens.c

18: <debug> CallEvent:
 > Call Site:  571
 > Start Time  1895355862
 > Runtime:    63484668
 > Fun. sig.:  mk_work_queue
 > Fun. type:  8
 > File name:  /nqueens.c
 > File path:  /shared/tests/nqueens.c

19: <debug> AcquireEvent:1900522390

20: <debug> ReleaseEvent:1911912670

21: <debug> ReturnEvent:
 > Call ID: 5
 > End time: 1958840530

22: <debug> CallEvent:
 > Call Site:  565
 > Start Time  1960245498
 > Runtime:    7425764
 > Fun. sig.:  nqw
 > Fun. type:  8
 > File name:  /nqueens.c
 > File path:  /shared/tests/nqueens.c

23: <debug> CallEvent:
 > Call Site:  461
 > Start Time  1962688378
 > Runtime:    4571220
 > Fun. sig.:  nqw
 > Fun. type:  8
 > File name:  /nqueens.c
 > File path:  /shared/tests/nqueens.c

24: <debug> CallEvent:
 > Call Site:  461
 > Start Time  1962718818
 > Runtime:    3388576
 > Fun. sig.:  nqw
 > Fun. type:  8
 > File name:  /nqueens.c
 > File path:  /shared/tests/nqueens.c

25: <debug> CallEvent:
 > Call Site:  442
 > Start Time  1963885818
 > Runtime:    1353008
 > Fun. sig.:  work_queue_add
 > Fun. type:  8
 > File name:  /nqueens.c
 > File path:  /shared/tests/nqueens.c

26: <debug> ReturnEvent:
 > Call ID: 11
 > End time: 1965238826

27: <debug> ReturnEvent:
 > Call ID: 10
 > End time: 1966107394

28: <debug> CallEvent:
 > Call Site:  461
 > Start Time  1967164214
 > Runtime:    51048
 > Fun. sig.:  nqw
 > Fun. type:  8
 > File name:  /nqueens.c
 > File path:  /shared/tests/nqueens.c

29: <debug> CallEvent:
 > Call Site:  442
 > Start Time  1967192982
 > Runtime:    11032
 > Fun. sig.:  work_queue_add
 > Fun. type:  8
 > File name:  /nqueens.c
 > File path:  /shared/tests/nqueens.c

30: <debug> ReturnEvent:
 > Call ID: 13
 > End time: 1967204014

31: <debug> ReturnEvent:
 > Call ID: 12
 > End time: 1967215262

32: <debug> CallEvent:
 > Call Site:  461
 > Start Time  1967224614
 > Runtime:    25804
 > Fun. sig.:  nqw
 > Fun. type:  8
 > File name:  /nqueens.c
 > File path:  /shared/tests/nqueens.c

33: <debug> CallEvent:
 > Call Site:  442
 > Start Time  1967233018
 > Runtime:    8736
 > Fun. sig.:  work_queue_add
 > Fun. type:  8
 > File name:  /nqueens.c
 > File path:  /shared/tests/nqueens.c

34: <debug> ReturnEvent:
 > Call ID: 15
 > End time: 1967241754

35: <debug> ReturnEvent:
 > Call ID: 14
 > End time: 1967250418

36: <debug> ReturnEvent:
 > Call ID: 9
 > End time: 1967259598

37: <debug> CallEvent:
 > Call Site:  461
 > Start Time  1967296138
 > Runtime:    84432
 > Fun. sig.:  nqw
 > Fun. type:  8
 > File name:  /nqueens.c
 > File path:  /shared/tests/nqueens.c

38: <debug> CallEvent:
 > Call Site:  461
 > Start Time  1967310638
 > Runtime:    27688
 > Fun. sig.:  nqw
 > Fun. type:  8
 > File name:  /nqueens.c
 > File path:  /shared/tests/nqueens.c

39: <debug> CallEvent:
 > Call Site:  442
 > Start Time  1967319686
 > Runtime:    9392
 > Fun. sig.:  work_queue_add
 > Fun. type:  8
 > File name:  /nqueens.c
 > File path:  /shared/tests/nqueens.c

40: <debug> ReturnEvent:
 > Call ID: 18
 > End time: 1967329078

41: <debug> ReturnEvent:
 > Call ID: 17
 > End time: 1967338326

42: <debug> CallEvent:
 > Call Site:  461
 > Start Time  1967346582
 > Runtime:    25560
 > Fun. sig.:  nqw
 > Fun. type:  8
 > File name:  /nqueens.c
 > File path:  /shared/tests/nqueens.c

43: <debug> CallEvent:
 > Call Site:  442
 > Start Time  1967354806
 > Runtime:    8824
 > Fun. sig.:  work_queue_add
 > Fun. type:  8
 > File name:  /nqueens.c
 > File path:  /shared/tests/nqueens.c

44: <debug> ReturnEvent:
 > Call ID: 20
 > End time: 1967363630

45: <debug> ReturnEvent:
 > Call ID: 19
 > End time: 1967372142

46: <debug> ReturnEvent:
 > Call ID: 16
 > End time: 1967380570

47: <debug> CallEvent:
 > Call Site:  461
 > Start Time  1967388770
 > Runtime:    75084
 > Fun. sig.:  nqw
 > Fun. type:  8
 > File name:  /nqueens.c
 > File path:  /shared/tests/nqueens.c

48: <debug> CallEvent:
 > Call Site:  461
 > Start Time  1967397026
 > Runtime:    25440
 > Fun. sig.:  nqw
 > Fun. type:  8
 > File name:  /nqueens.c
 > File path:  /shared/tests/nqueens.c

49: <debug> CallEvent:
 > Call Site:  442
 > Start Time  1967405342
 > Runtime:    8596
 > Fun. sig.:  work_queue_add
 > Fun. type:  8
 > File name:  /nqueens.c
 > File path:  /shared/tests/nqueens.c

50: <debug> ReturnEvent:
 > Call ID: 23
 > End time: 1967413938

51: <debug> ReturnEvent:
 > Call ID: 22
 > End time: 1967422466

52: <debug> CallEvent:
 > Call Site:  461
 > Start Time  1967430510
 > Runtime:    25088
 > Fun. sig.:  nqw
 > Fun. type:  8
 > File name:  /nqueens.c
 > File path:  /shared/tests/nqueens.c

53: <debug> CallEvent:
 > Call Site:  442
 > Start Time  1967438582
 > Runtime:    8532
 > Fun. sig.:  work_queue_add
 > Fun. type:  8
 > File name:  /nqueens.c
 > File path:  /shared/tests/nqueens.c

54: <debug> ReturnEvent:
 > Call ID: 25
 > End time: 1967447114

55: <debug> ReturnEvent:
 > Call ID: 24
 > End time: 1967455598

56: <debug> ReturnEvent:
 > Call ID: 21
 > End time: 1967463854

57: <debug> CallEvent:
 > Call Site:  461
 > Start Time  1967471818
 > Runtime:    74392
 > Fun. sig.:  nqw
 > Fun. type:  8
 > File name:  /nqueens.c
 > File path:  /shared/tests/nqueens.c

58: <debug> CallEvent:
 > Call Site:  461
 > Start Time  1967479850
 > Runtime:    24984
 > Fun. sig.:  nqw
 > Fun. type:  8
 > File name:  /nqueens.c
 > File path:  /shared/tests/nqueens.c

59: <debug> CallEvent:
 > Call Site:  442
 > Start Time  1967487886
 > Runtime:    8512
 > Fun. sig.:  work_queue_add
 > Fun. type:  8
 > File name:  /nqueens.c
 > File path:  /shared/tests/nqueens.c

60: <debug> ReturnEvent:
 > Call ID: 28
 > End time: 1967496398

61: <debug> ReturnEvent:
 > Call ID: 27
 > End time: 1967504834

62: <debug> CallEvent:
 > Call Site:  461
 > Start Time  1967512762
 > Runtime:    25216
 > Fun. sig.:  nqw
 > Fun. type:  8
 > File name:  /nqueens.c
 > File path:  /shared/tests/nqueens.c

63: <debug> CallEvent:
 > Call Site:  442
 > Start Time  1967520830
 > Runtime:    8576
 > Fun. sig.:  work_queue_add
 > Fun. type:  8
 > File name:  /nqueens.c
 > File path:  /shared/tests/nqueens.c

64: <debug> ReturnEvent:
 > Call ID: 30
 > End time: 1967529406

65: <debug> ReturnEvent:
 > Call ID: 29
 > End time: 1967537978

66: <debug> ReturnEvent:
 > Call ID: 26
 > End time: 1967546210

67: <debug> CallEvent:
 > Call Site:  461
 > Start Time  1967554426
 > Runtime:    108520
 > Fun. sig.:  nqw
 > Fun. type:  8
 > File name:  /nqueens.c
 > File path:  /shared/tests/nqueens.c

68: <debug> CallEvent:
 > Call Site:  461
 > Start Time  1967562582
 > Runtime:    25332
 > Fun. sig.:  nqw
 > Fun. type:  8
 > File name:  /nqueens.c
 > File path:  /shared/tests/nqueens.c

69: <debug> CallEvent:
 > Call Site:  442
 > Start Time  1967570746
 > Runtime:    8532
 > Fun. sig.:  work_queue_add
 > Fun. type:  8
 > File name:  /nqueens.c
 > File path:  /shared/tests/nqueens.c

70: <debug> ReturnEvent:
 > Call ID: 33
 > End time: 1967579278

71: <debug> ReturnEvent:
 > Call ID: 32
 > End time: 1967587914

72: <debug> CallEvent:
 > Call Site:  461
 > Start Time  1967595954
 > Runtime:    25440
 > Fun. sig.:  nqw
 > Fun. type:  8
 > File name:  /nqueens.c
 > File path:  /shared/tests/nqueens.c

73: <debug> CallEvent:
 > Call Site:  442
 > Start Time  1967604454
 > Runtime:    8528
 > Fun. sig.:  work_queue_add
 > Fun. type:  8
 > File name:  /nqueens.c
 > File path:  /shared/tests/nqueens.c

74: <debug> ReturnEvent:
 > Call ID: 35
 > End time: 1967612982

75: <debug> ReturnEvent:
 > Call ID: 34
 > End time: 1967621394

76: <debug> CallEvent:
 > Call Site:  461
 > Start Time  1967629410
 > Runtime:    25320
 > Fun. sig.:  nqw
 > Fun. type:  8
 > File name:  /nqueens.c
 > File path:  /shared/tests/nqueens.c

77: <debug> CallEvent:
 > Call Site:  442
 > Start Time  1967637798
 > Runtime:    8360
 > Fun. sig.:  work_queue_add
 > Fun. type:  8
 > File name:  /nqueens.c
 > File path:  /shared/tests/nqueens.c

78: <debug> ReturnEvent:
 > Call ID: 37
 > End time: 1967646158

79: <debug> ReturnEvent:
 > Call ID: 36
 > End time: 1967654730

80: <debug> ReturnEvent:
 > Call ID: 31
 > End time: 1967662946

81: <debug> ReturnEvent:
 > Call ID: 8
 > End time: 1967671262

82: <debug> NewThreadEvent:
 > Thread id: 1
 > Start time:  1974053454
 > Runtime      13636736

83: <debug> CallEvent:
 > Call Site:  599
 > Start Time  1975051510
 > Runtime:    12556596
 > Fun. sig.:  nq_worker
 > Fun. type:  8
 > File name:  /nqueens.c
 > File path:  /shared/tests/nqueens.c

84: <debug> AcquireEvent:1977004862

85: <debug> ReleaseEvent:1979955958

86: <debug> CallEvent:
 > Call Site:  547
 > Start Time  1981471254
 > Runtime:    330324
 > Fun. sig.:  nqw
 > Fun. type:  8
 > File name:  /nqueens.c
 > File path:  /shared/tests/nqueens.c

87: <debug> CallEvent:
 > Call Site:  461
 > Start Time  1981501290
 > Runtime:    291024
 > Fun. sig.:  nqw
 > Fun. type:  8
 > File name:  /nqueens.c
 > File path:  /shared/tests/nqueens.c

88: <debug> CallEvent:
 > Call Site:  461
 > Start Time  1981510762
 > Runtime:    271648
 > Fun. sig.:  nqw
 > Fun. type:  8
 > File name:  /nqueens.c
 > File path:  /shared/tests/nqueens.c

89: <debug> CallEvent:
 > Call Site:  461
 > Start Time  1981519310
 > Runtime:    238348
 > Fun. sig.:  nqw
 > Fun. type:  8
 > File name:  /nqueens.c
 > File path:  /shared/tests/nqueens.c

90: <debug> ReturnEvent:
 > Call ID: 44
 > End time: 1981757658

91: <debug> ReturnEvent:
 > Call ID: 43
 > End time: 1981782410

92: <debug> ReturnEvent:
 > Call ID: 42
 > End time: 1981792314

93: <debug> ReturnEvent:
 > Call ID: 41
 > End time: 1981801578

94: <debug> AcquireEvent:1984184842

95: <debug> ReleaseEvent:1985432050

96: <debug> CallEvent:
 > Call Site:  547
 > Start Time  1985439730
 > Runtime:    64068
 > Fun. sig.:  nqw
 > Fun. type:  8
 > File name:  /nqueens.c
 > File path:  /shared/tests/nqueens.c

97: <debug> CallEvent:
 > Call Site:  461
 > Start Time  1985450418
 > Runtime:    44980
 > Fun. sig.:  nqw
 > Fun. type:  8
 > File name:  /nqueens.c
 > File path:  /shared/tests/nqueens.c

98: <debug> CallEvent:
 > Call Site:  461
 > Start Time  1985459070
 > Runtime:    27404
 > Fun. sig.:  nqw
 > Fun. type:  8
 > File name:  /nqueens.c
 > File path:  /shared/tests/nqueens.c

99: <debug> CallEvent:
 > Call Site:  461
 > Start Time  1985467314
 > Runtime:    9400
 > Fun. sig.:  nqw
 > Fun. type:  8
 > File name:  /nqueens.c
 > File path:  /shared/tests/nqueens.c

100: <debug> ReturnEvent:
 > Call ID: 50
 > End time: 1985476714

101: <debug> ReturnEvent:
 > Call ID: 49
 > End time: 1985486474

102: <debug> ReturnEvent:
 > Call ID: 48
 > End time: 1985495398

103: <debug> ReturnEvent:
 > Call ID: 47
 > End time: 1985503798

104: <debug> AcquireEvent:1985522558

105: <debug> ReleaseEvent:1985536874

106: <debug> CallEvent:
 > Call Site:  547
 > Start Time  1985541574
 > Runtime:    55192
 > Fun. sig.:  nqw
 > Fun. type:  8
 > File name:  /nqueens.c
 > File path:  /shared/tests/nqueens.c

107: <debug> CallEvent:
 > Call Site:  461
 > Start Time  1985550206
 > Runtime:    8488
 > Fun. sig.:  nqw
 > Fun. type:  8
 > File name:  /nqueens.c
 > File path:  /shared/tests/nqueens.c

108: <debug> ReturnEvent:
 > Call ID: 54
 > End time: 1985558694

109: <debug> ReturnEvent:
 > Call ID: 53
 > End time: 1985596766

110: <debug> AcquireEvent:1985622254

111: <debug> ReleaseEvent:1985636314

112: <debug> CallEvent:
 > Call Site:  547
 > Start Time  1985641118
 > Runtime:    78120
 > Fun. sig.:  nqw
 > Fun. type:  8
 > File name:  /nqueens.c
 > File path:  /shared/tests/nqueens.c

113: <debug> CallEvent:
 > Call Site:  461
 > Start Time  1985649878
 > Runtime:    60700
 > Fun. sig.:  nqw
 > Fun. type:  8
 > File name:  /nqueens.c
 > File path:  /shared/tests/nqueens.c

114: <debug> CallEvent:
 > Call Site:  461
 > Start Time  1985658106
 > Runtime:    43732
 > Fun. sig.:  nqw
 > Fun. type:  8
 > File name:  /nqueens.c
 > File path:  /shared/tests/nqueens.c

115: <debug> CallEvent:
 > Call Site:  461
 > Start Time  1985682626
 > Runtime:    10068
 > Fun. sig.:  nqw
 > Fun. type:  8
 > File name:  /nqueens.c
 > File path:  /shared/tests/nqueens.c

116: <debug> ReturnEvent:
 > Call ID: 60
 > End time: 1985692694

117: <debug> ReturnEvent:
 > Call ID: 59
 > End time: 1985701838

118: <debug> ReturnEvent:
 > Call ID: 58
 > End time: 1985710578

119: <debug> ReturnEvent:
 > Call ID: 57
 > End time: 1985719238

120: <debug> AcquireEvent:1985736226

121: <debug> ReleaseEvent:1985749578

122: <debug> CallEvent:
 > Call Site:  547
 > Start Time  1985754098
 > Runtime:    107240
 > Fun. sig.:  nqw
 > Fun. type:  8
 > File name:  /nqueens.c
 > File path:  /shared/tests/nqueens.c

123: <debug> CallEvent:
 > Call Site:  461
 > Start Time  1985762574
 > Runtime:    25308
 > Fun. sig.:  nqw
 > Fun. type:  8
 > File name:  /nqueens.c
 > File path:  /shared/tests/nqueens.c

124: <debug> CallEvent:
 > Call Site:  461
 > Start Time  1985770558
 > Runtime:    8604
 > Fun. sig.:  nqw
 > Fun. type:  8
 > File name:  /nqueens.c
 > File path:  /shared/tests/nqueens.c

125: <debug> ReturnEvent:
 > Call ID: 65
 > End time: 1985779162

126: <debug> ReturnEvent:
 > Call ID: 64
 > End time: 1985787882

127: <debug> CallEvent:
 > Call Site:  461
 > Start Time  1985796314
 > Runtime:    56480
 > Fun. sig.:  nqw
 > Fun. type:  8
 > File name:  /nqueens.c
 > File path:  /shared/tests/nqueens.c

128: <debug> CallEvent:
 > Call Site:  461
 > Start Time  1985811610
 > Runtime:    32400
 > Fun. sig.:  nqw
 > Fun. type:  8
 > File name:  /nqueens.c
 > File path:  /shared/tests/nqueens.c

129: <debug> CallEvent:
 > Call Site:  461
 > Start Time  1985826494
 > Runtime:    8960
 > Fun. sig.:  nqw
 > Fun. type:  8
 > File name:  /nqueens.c
 > File path:  /shared/tests/nqueens.c

130: <debug> ReturnEvent:
 > Call ID: 68
 > End time: 1985835454

131: <debug> ReturnEvent:
 > Call ID: 67
 > End time: 1985844010

132: <debug> ReturnEvent:
 > Call ID: 66
 > End time: 1985852794

133: <debug> ReturnEvent:
 > Call ID: 63
 > End time: 1985861338

134: <debug> AcquireEvent:1985878790

135: <debug> ReleaseEvent:1985892086

136: <debug> CallEvent:
 > Call Site:  547
 > Start Time  1985896578
 > Runtime:    96952
 > Fun. sig.:  nqw
 > Fun. type:  8
 > File name:  /nqueens.c
 > File path:  /shared/tests/nqueens.c

137: <debug> CallEvent:
 > Call Site:  461
 > Start Time  1985905038
 > Runtime:    42720
 > Fun. sig.:  nqw
 > Fun. type:  8
 > File name:  /nqueens.c
 > File path:  /shared/tests/nqueens.c

138: <debug> CallEvent:
 > Call Site:  461
 > Start Time  1985913402
 > Runtime:    25764
 > Fun. sig.:  nqw
 > Fun. type:  8
 > File name:  /nqueens.c
 > File path:  /shared/tests/nqueens.c

139: <debug> CallEvent:
 > Call Site:  461
 > Start Time  1985921778
 > Runtime:    8616
 > Fun. sig.:  nqw
 > Fun. type:  8
 > File name:  /nqueens.c
 > File path:  /shared/tests/nqueens.c

140: <debug> ReturnEvent:
 > Call ID: 74
 > End time: 1985930394

141: <debug> ReturnEvent:
 > Call ID: 73
 > End time: 1985939166

142: <debug> ReturnEvent:
 > Call ID: 72
 > End time: 1985947758

143: <debug> ReturnEvent:
 > Call ID: 71
 > End time: 1985993530

144: <debug> AcquireEvent:1986012598

145: <debug> ReleaseEvent:1986026398

146: <debug> CallEvent:
 > Call Site:  547
 > Start Time  1986031018
 > Runtime:    63540
 > Fun. sig.:  nqw
 > Fun. type:  8
 > File name:  /nqueens.c
 > File path:  /shared/tests/nqueens.c

147: <debug> CallEvent:
 > Call Site:  461
 > Start Time  1986039598
 > Runtime:    46644
 > Fun. sig.:  nqw
 > Fun. type:  8
 > File name:  /nqueens.c
 > File path:  /shared/tests/nqueens.c

148: <debug> CallEvent:
 > Call Site:  461
 > Start Time  1986047742
 > Runtime:    29996
 > Fun. sig.:  nqw
 > Fun. type:  8
 > File name:  /nqueens.c
 > File path:  /shared/tests/nqueens.c

149: <debug> CallEvent:
 > Call Site:  461
 > Start Time  1986055762
 > Runtime:    13356
 > Fun. sig.:  nqw
 > Fun. type:  8
 > File name:  /nqueens.c
 > File path:  /shared/tests/nqueens.c

150: <debug> ReturnEvent:
 > Call ID: 80
 > End time: 1986069118

151: <debug> ReturnEvent:
 > Call ID: 79
 > End time: 1986077738

152: <debug> ReturnEvent:
 > Call ID: 78
 > End time: 1986086242

153: <debug> ReturnEvent:
 > Call ID: 77
 > End time: 1986094558

154: <debug> AcquireEvent:1986112198

155: <debug> ReleaseEvent:1986125438

156: <debug> CallEvent:
 > Call Site:  547
 > Start Time  1986130006
 > Runtime:    93864
 > Fun. sig.:  nqw
 > Fun. type:  8
 > File name:  /nqueens.c
 > File path:  /shared/tests/nqueens.c

157: <debug> CallEvent:
 > Call Site:  461
 > Start Time  1986138702
 > Runtime:    42588
 > Fun. sig.:  nqw
 > Fun. type:  8
 > File name:  /nqueens.c
 > File path:  /shared/tests/nqueens.c

158: <debug> CallEvent:
 > Call Site:  461
 > Start Time  1986146846
 > Runtime:    25884
 > Fun. sig.:  nqw
 > Fun. type:  8
 > File name:  /nqueens.c
 > File path:  /shared/tests/nqueens.c

159: <debug> CallEvent:
 > Call Site:  461
 > Start Time  1986155298
 > Runtime:    8808
 > Fun. sig.:  nqw
 > Fun. type:  8
 > File name:  /nqueens.c
 > File path:  /shared/tests/nqueens.c

160: <debug> ReturnEvent:
 > Call ID: 86
 > End time: 1986164106

161: <debug> ReturnEvent:
 > Call ID: 85
 > End time: 1986172730

162: <debug> ReturnEvent:
 > Call ID: 84
 > End time: 1986181290

163: <debug> CallEvent:
 > Call Site:  461
 > Start Time  1986189414
 > Runtime:    26140
 > Fun. sig.:  nqw
 > Fun. type:  8
 > File name:  /nqueens.c
 > File path:  /shared/tests/nqueens.c

164: <debug> CallEvent:
 > Call Site:  461
 > Start Time  1986198006
 > Runtime:    8988
 > Fun. sig.:  nqw
 > Fun. type:  8
 > File name:  /nqueens.c
 > File path:  /shared/tests/nqueens.c

165: <debug> ReturnEvent:
 > Call ID: 88
 > End time: 1986206994

166: <debug> ReturnEvent:
 > Call ID: 87
 > End time: 1986215554

167: <debug> ReturnEvent:
 > Call ID: 83
 > End time: 1986223870

168: <debug> AcquireEvent:1986241326

169: <debug> ReleaseEvent:1986254394

170: <debug> CallEvent:
 > Call Site:  547
 > Start Time  1986258842
 > Runtime:    60832
 > Fun. sig.:  nqw
 > Fun. type:  8
 > File name:  /nqueens.c
 > File path:  /shared/tests/nqueens.c

171: <debug> CallEvent:
 > Call Site:  461
 > Start Time  1986267422
 > Runtime:    43844
 > Fun. sig.:  nqw
 > Fun. type:  8
 > File name:  /nqueens.c
 > File path:  /shared/tests/nqueens.c

172: <debug> CallEvent:
 > Call Site:  461
 > Start Time  1986275530
 > Runtime:    27304
 > Fun. sig.:  nqw
 > Fun. type:  8
 > File name:  /nqueens.c
 > File path:  /shared/tests/nqueens.c

173: <debug> CallEvent:
 > Call Site:  461
 > Start Time  1986283826
 > Runtime:    8432
 > Fun. sig.:  nqw
 > Fun. type:  8
 > File name:  /nqueens.c
 > File path:  /shared/tests/nqueens.c

174: <debug> ReturnEvent:
 > Call ID: 94
 > End time: 1986292258

175: <debug> ReturnEvent:
 > Call ID: 93
 > End time: 1986302834

176: <debug> ReturnEvent:
 > Call ID: 92
 > End time: 1986311266

177: <debug> ReturnEvent:
 > Call ID: 91
 > End time: 1986319674

178: <debug> AcquireEvent:1986337126

179: <debug> ReleaseEvent:1986350410

180: <debug> CallEvent:
 > Call Site:  547
 > Start Time  1986354890
 > Runtime:    25360
 > Fun. sig.:  nqw
 > Fun. type:  8
 > File name:  /nqueens.c
 > File path:  /shared/tests/nqueens.c

181: <debug> CallEvent:
 > Call Site:  461
 > Start Time  1986363358
 > Runtime:    8600
 > Fun. sig.:  nqw
 > Fun. type:  8
 > File name:  /nqueens.c
 > File path:  /shared/tests/nqueens.c

182: <debug> ReturnEvent:
 > Call ID: 98
 > End time: 1986371958

183: <debug> ReturnEvent:
 > Call ID: 97
 > End time: 1986380250

184: <debug> AcquireEvent:1986397314

185: <debug> ReleaseEvent:1986410486

186: <debug> CallEvent:
 > Call Site:  547
 > Start Time  1986414950
 > Runtime:    59580
 > Fun. sig.:  nqw
 > Fun. type:  8
 > File name:  /nqueens.c
 > File path:  /shared/tests/nqueens.c

187: <debug> CallEvent:
 > Call Site:  461
 > Start Time  1986423674
 > Runtime:    42180
 > Fun. sig.:  nqw
 > Fun. type:  8
 > File name:  /nqueens.c
 > File path:  /shared/tests/nqueens.c

188: <debug> CallEvent:
 > Call Site:  461
 > Start Time  1986431846
 > Runtime:    25624
 > Fun. sig.:  nqw
 > Fun. type:  8
 > File name:  /nqueens.c
 > File path:  /shared/tests/nqueens.c

189: <debug> CallEvent:
 > Call Site:  461
 > Start Time  1986440202
 > Runtime:    8600
 > Fun. sig.:  nqw
 > Fun. type:  8
 > File name:  /nqueens.c
 > File path:  /shared/tests/nqueens.c

190: <debug> ReturnEvent:
 > Call ID: 104
 > End time: 1986448802

191: <debug> ReturnEvent:
 > Call ID: 103
 > End time: 1986457470

192: <debug> ReturnEvent:
 > Call ID: 102
 > End time: 1986465854

193: <debug> ReturnEvent:
 > Call ID: 101
 > End time: 1986474530

194: <debug> AcquireEvent:1986491478

195: <debug> ReleaseEvent:1986504442

196: <debug> CallEvent:
 > Call Site:  547
 > Start Time  1986508842
 > Runtime:    58052
 > Fun. sig.:  nqw
 > Fun. type:  8
 > File name:  /nqueens.c
 > File path:  /shared/tests/nqueens.c

197: <debug> CallEvent:
 > Call Site:  461
 > Start Time  1986517178
 > Runtime:    41464
 > Fun. sig.:  nqw
 > Fun. type:  8
 > File name:  /nqueens.c
 > File path:  /shared/tests/nqueens.c

198: <debug> CallEvent:
 > Call Site:  461
 > Start Time  1986525318
 > Runtime:    25120
 > Fun. sig.:  nqw
 > Fun. type:  8
 > File name:  /nqueens.c
 > File path:  /shared/tests/nqueens.c

199: <debug> CallEvent:
 > Call Site:  461
 > Start Time  1986533414
 > Runtime:    8540
 > Fun. sig.:  nqw
 > Fun. type:  8
 > File name:  /nqueens.c
 > File path:  /shared/tests/nqueens.c

200: <debug> ReturnEvent:
 > Call ID: 110
 > End time: 1986541954

201: <debug> ReturnEvent:
 > Call ID: 109
 > End time: 1986550438

202: <debug> ReturnEvent:
 > Call ID: 108
 > End time: 1986558642

203: <debug> ReturnEvent:
 > Call ID: 107
 > End time: 1986566894

204: <debug> AcquireEvent:1986583490

205: <debug> ReleaseEvent:1987088922

206: <debug> ReturnEvent:
 > Call ID: 38
 > End time: 1987608106

207: <debug> ThreadEndEvent:
 > Thread ID: 1
 > End time:  1987690190

208: <debug> NewThreadEvent:
 > Thread id: 2
 > Start time:  1991358002
 > Runtime      127132

209: <debug> CallEvent:
 > Call Site:  599
 > Start Time  1991404230
 > Runtime:    56400
 > Fun. sig.:  nq_worker
 > Fun. type:  8
 > File name:  /nqueens.c
 > File path:  /shared/tests/nqueens.c

210: <debug> AcquireEvent:1991437306

211: <debug> ReleaseEvent:1991454630

212: <debug> ReturnEvent:
 > Call ID: 113
 > End time: 1991460630

213: <debug> ThreadEndEvent:
 > Thread ID: 2
 > End time:  1991485134

214: <debug> NewThreadEvent:
 > Thread id: 3
 > Start time:  1991747534
 > Runtime      114556

215: <debug> CallEvent:
 > Call Site:  599
 > Start Time  1991787710
 > Runtime:    51424
 > Fun. sig.:  nq_worker
 > Fun. type:  8
 > File name:  /nqueens.c
 > File path:  /shared/tests/nqueens.c

216: <debug> AcquireEvent:1991817514

217: <debug> ReleaseEvent:1991833582

218: <debug> ReturnEvent:
 > Call ID: 116
 > End time: 1991839134

219: <debug> ThreadEndEvent:
 > Thread ID: 3
 > End time:  1991862090

220: <debug> NewThreadEvent:
 > Thread id: 4
 > Start time:  1991886562
 > Runtime      98684

221: <debug> CallEvent:
 > Call Site:  599
 > Start Time  1991918642
 > Runtime:    46328
 > Fun. sig.:  nq_worker
 > Fun. type:  8
 > File name:  /nqueens.c
 > File path:  /shared/tests/nqueens.c

222: <debug> AcquireEvent:1991944770

223: <debug> ReleaseEvent:1991959582

224: <debug> ReturnEvent:
 > Call ID: 119
 > End time: 1991964970

225: <debug> ThreadEndEvent:
 > Thread ID: 4
 > End time:  1991985246

226: <debug> JoinEvent:
227: <debug> JoinEvent:
228: <debug> JoinEvent:
229: <debug> JoinEvent:
230: <debug> ReturnEvent:
 > Call ID: 4
 > End time: 2000218074

231: <debug> ReturnEvent:
 > Call ID: 3
 > End time: 2001114934

232: <debug> CallEvent:
 > Call Site:  827
 > Start Time  2001730958
 > Runtime:    30408
 > Fun. sig.:  cur_time
 > Fun. type:  8
 > File name:  /nqueens.c
 > File path:  /shared/tests/nqueens.c

233: <debug> ReturnEvent:
 > Call ID: 1
 > End time: 2098700066

234: <debug> ThreadEndEvent:
 > Thread ID: 0
 > End time:  2152068694

